<?xml version="1.0" encoding="UTF-8"?>
<!-- Generated by org.testng.reporters.JUnitXMLReporter -->
<testsuite hostname="DESKTOP-A7L5GQS" ignored="0" name="Test" tests="1" failures="0" timestamp="10 Oct 2019 02:01:47 GMT" time="28.762" errors="0">
  <testcase name="@AfterTest teardown" time="0.001" classname="com.runner.TestNgRunner">
    <failure type="java.lang.NoSuchMethodError" message="com.aventstack.extentreports.reporter.ExtentHtmlReporter.loadXMLConfig(Ljava/io/File;)V">
      <![CDATA[java.lang.NoSuchMethodError: com.aventstack.extentreports.reporter.ExtentHtmlReporter.loadXMLConfig(Ljava/io/File;)V
at com.cucumber.listener.Reporter.loadXMLConfig(Reporter.java:53)
at com.runner.TestNgRunner.teardown(TestNgRunner.java:57)
... Removed 24 stack frames]]>
    </failure>
  </testcase> <!-- @AfterTest teardown -->
  <testcase name="feature" time="27.708" classname="cucumber.api.testng.AbstractTestNGCucumberTests"/>
</testsuite> <!-- Test -->
